  P03-316051013.cpp
C:\Users\Max\Documents\LabCGeiHC 2024-2\P3\P3\Window.h(12,36): warning C4244: 'return': conversión de 'GLint' a 'GLfloat'; posible pérdida de datos
  (compilando archivo de origen "P03-316051013.cpp")
  
C:\Users\Max\Documents\LabCGeiHC 2024-2\P3\P3\Window.h(13,37): warning C4244: 'return': conversión de 'GLint' a 'GLfloat'; posible pérdida de datos
  (compilando archivo de origen "P03-316051013.cpp")
  
C:\Users\Max\Documents\LabCGeiHC 2024-2\P3\P3\P03-316051013.cpp(26,36): warning C4305: 'inicializando': truncamiento de 'double' a 'float'
C:\Users\Max\Documents\LabCGeiHC 2024-2\P3\P3\P03-316051013.cpp(249,16): warning C4018: '<': no coinciden signed/unsigned
C:\Users\Max\Documents\LabCGeiHC 2024-2\P3\P3\P03-316051013.cpp(291,32): warning C4244: 'argumento': conversión de 'double' a '_Ty'; posible pérdida de datos
C:\Users\Max\Documents\LabCGeiHC 2024-2\P3\P3\P03-316051013.cpp(291,32): warning C4244:         with
C:\Users\Max\Documents\LabCGeiHC 2024-2\P3\P3\P03-316051013.cpp(291,32): warning C4244:         [
C:\Users\Max\Documents\LabCGeiHC 2024-2\P3\P3\P03-316051013.cpp(291,32): warning C4244:             _Ty=GLfloat
C:\Users\Max\Documents\LabCGeiHC 2024-2\P3\P3\P03-316051013.cpp(291,32): warning C4244:         ]
C:\Users\Max\Documents\LabCGeiHC 2024-2\P3\P3\P03-316051013.cpp(293,32): warning C4244: 'argumento': conversión de 'double' a '_Ty'; posible pérdida de datos
C:\Users\Max\Documents\LabCGeiHC 2024-2\P3\P3\P03-316051013.cpp(293,32): warning C4244:         with
C:\Users\Max\Documents\LabCGeiHC 2024-2\P3\P3\P03-316051013.cpp(293,32): warning C4244:         [
C:\Users\Max\Documents\LabCGeiHC 2024-2\P3\P3\P03-316051013.cpp(293,32): warning C4244:             _Ty=GLfloat
C:\Users\Max\Documents\LabCGeiHC 2024-2\P3\P3\P03-316051013.cpp(293,32): warning C4244:         ]
C:\Users\Max\Documents\LabCGeiHC 2024-2\P3\P3\P03-316051013.cpp(385,15): warning C4244: 'inicializando': conversión de 'double' a 'GLfloat'; posible pérdida de datos
C:\Users\Max\Documents\LabCGeiHC 2024-2\P3\P3\P03-316051013.cpp(387,33): warning C4244: '+=': conversión de 'double' a 'GLfloat'; posible pérdida de datos
LINK : warning LNK4098: la biblioteca predeterminada'MSVCRT' entra en conflicto con otras bibliotecas; use la biblioteca /NODEFAULTLIB:biblioteca
  P3.vcxproj -> C:\Users\Max\Documents\LabCGeiHC 2024-2\P3\Debug\P3.exe
