  P04-316051013.cpp
C:\Users\Max\Documents\LabCGeiHC 2024-2\P4\P4\Window.h(12,36): warning C4244: 'return': conversión de 'GLint' a 'GLfloat'; posible pérdida de datos
  (compilando archivo de origen "P04-316051013.cpp")
  
C:\Users\Max\Documents\LabCGeiHC 2024-2\P4\P4\Window.h(13,37): warning C4244: 'return': conversión de 'GLint' a 'GLfloat'; posible pérdida de datos
  (compilando archivo de origen "P04-316051013.cpp")
  
C:\Users\Max\Documents\LabCGeiHC 2024-2\P4\P4\P04-316051013.cpp(28,36): warning C4305: 'inicializando': truncamiento de 'double' a 'float'
C:\Users\Max\Documents\LabCGeiHC 2024-2\P4\P4\P04-316051013.cpp(191,16): warning C4018: '<': no coinciden signed/unsigned
C:\Users\Max\Documents\LabCGeiHC 2024-2\P4\P4\P04-316051013.cpp(233,32): warning C4244: 'argumento': conversión de 'double' a '_Ty'; posible pérdida de datos
C:\Users\Max\Documents\LabCGeiHC 2024-2\P4\P4\P04-316051013.cpp(233,32): warning C4244:         with
C:\Users\Max\Documents\LabCGeiHC 2024-2\P4\P4\P04-316051013.cpp(233,32): warning C4244:         [
C:\Users\Max\Documents\LabCGeiHC 2024-2\P4\P4\P04-316051013.cpp(233,32): warning C4244:             _Ty=GLfloat
C:\Users\Max\Documents\LabCGeiHC 2024-2\P4\P4\P04-316051013.cpp(233,32): warning C4244:         ]
C:\Users\Max\Documents\LabCGeiHC 2024-2\P4\P4\P04-316051013.cpp(235,32): warning C4244: 'argumento': conversión de 'double' a '_Ty'; posible pérdida de datos
C:\Users\Max\Documents\LabCGeiHC 2024-2\P4\P4\P04-316051013.cpp(235,32): warning C4244:         with
C:\Users\Max\Documents\LabCGeiHC 2024-2\P4\P4\P04-316051013.cpp(235,32): warning C4244:         [
C:\Users\Max\Documents\LabCGeiHC 2024-2\P4\P4\P04-316051013.cpp(235,32): warning C4244:             _Ty=GLfloat
C:\Users\Max\Documents\LabCGeiHC 2024-2\P4\P4\P04-316051013.cpp(235,32): warning C4244:         ]
C:\Users\Max\Documents\LabCGeiHC 2024-2\P4\P4\P04-316051013.cpp(343,15): warning C4244: 'inicializando': conversión de 'double' a 'GLfloat'; posible pérdida de datos
C:\Users\Max\Documents\LabCGeiHC 2024-2\P4\P4\P04-316051013.cpp(345,33): warning C4244: '+=': conversión de 'double' a 'GLfloat'; posible pérdida de datos
  LINK : no se encontró C:\Users\Max\Documents\LabCGeiHC 2024-2\P4\Debug\P4.exe o no lo generó el último vínculo incremental; ejecutando vínculo completo
LINK : warning LNK4098: la biblioteca predeterminada'MSVCRT' entra en conflicto con otras bibliotecas; use la biblioteca /NODEFAULTLIB:biblioteca
  P4.vcxproj -> C:\Users\Max\Documents\LabCGeiHC 2024-2\P4\Debug\P4.exe
